Performing C SOURCE FILE Test CMAKE_HAVE_LIBC_PTHREAD failed with the following output:
Change Dir: /home/m.gpuprog/cutlass_project/CUTLASS/build/CMakeFiles/CMakeTmp

Run Build Command(s):/usr/bin/make -f Makefile cmTC_3befa/fast && /usr/bin/make  -f CMakeFiles/cmTC_3befa.dir/build.make CMakeFiles/cmTC_3befa.dir/build
make[1]: Entering directory '/home/m.gpuprog/cutlass_project/CUTLASS/build/CMakeFiles/CMakeTmp'
Building C object CMakeFiles/cmTC_3befa.dir/src.c.o
/usr/bin/cc -DCMAKE_HAVE_LIBC_PTHREAD  -fPIE -o CMakeFiles/cmTC_3befa.dir/src.c.o -c /home/m.gpuprog/cutlass_project/CUTLASS/build/CMakeFiles/CMakeTmp/src.c
Linking C executable cmTC_3befa
/home/m.gpuprog/cmake_tmp/cmake-3.20.0/bin/cmake -E cmake_link_script CMakeFiles/cmTC_3befa.dir/link.txt --verbose=1
/usr/bin/cc CMakeFiles/cmTC_3befa.dir/src.c.o -o cmTC_3befa 
/usr/bin/ld: CMakeFiles/cmTC_3befa.dir/src.c.o: in function `main':
src.c:(.text+0x46): undefined reference to `pthread_create'
/usr/bin/ld: src.c:(.text+0x52): undefined reference to `pthread_detach'
/usr/bin/ld: src.c:(.text+0x5e): undefined reference to `pthread_cancel'
/usr/bin/ld: src.c:(.text+0x6f): undefined reference to `pthread_join'
collect2: error: ld returned 1 exit status
make[1]: *** [CMakeFiles/cmTC_3befa.dir/build.make:99: cmTC_3befa] Error 1
make[1]: Leaving directory '/home/m.gpuprog/cutlass_project/CUTLASS/build/CMakeFiles/CMakeTmp'
make: *** [Makefile:127: cmTC_3befa/fast] Error 2


Source file was:
#include <pthread.h>

static void* test_func(void* data)
{
  return data;
}

int main(void)
{
  pthread_t thread;
  pthread_create(&thread, NULL, test_func, NULL);
  pthread_detach(thread);
  pthread_cancel(thread);
  pthread_join(thread, NULL);
  pthread_atfork(NULL, NULL, NULL);
  pthread_exit(NULL);

  return 0;
}

Determining if the function pthread_create exists in the pthreads failed with the following output:
Change Dir: /home/m.gpuprog/cutlass_project/CUTLASS/build/CMakeFiles/CMakeTmp

Run Build Command(s):/usr/bin/make -f Makefile cmTC_fa5bc/fast && /usr/bin/make  -f CMakeFiles/cmTC_fa5bc.dir/build.make CMakeFiles/cmTC_fa5bc.dir/build
make[1]: Entering directory '/home/m.gpuprog/cutlass_project/CUTLASS/build/CMakeFiles/CMakeTmp'
Building C object CMakeFiles/cmTC_fa5bc.dir/CheckFunctionExists.c.o
/usr/bin/cc   -DCHECK_FUNCTION_EXISTS=pthread_create -fPIE -o CMakeFiles/cmTC_fa5bc.dir/CheckFunctionExists.c.o -c /home/m.gpuprog/cmake_tmp/cmake-3.20.0/Modules/CheckFunctionExists.c
Linking C executable cmTC_fa5bc
/home/m.gpuprog/cmake_tmp/cmake-3.20.0/bin/cmake -E cmake_link_script CMakeFiles/cmTC_fa5bc.dir/link.txt --verbose=1
/usr/bin/cc  -DCHECK_FUNCTION_EXISTS=pthread_create CMakeFiles/cmTC_fa5bc.dir/CheckFunctionExists.c.o -o cmTC_fa5bc  -lpthreads 
/usr/bin/ld: cannot find -lpthreads
collect2: error: ld returned 1 exit status
make[1]: *** [CMakeFiles/cmTC_fa5bc.dir/build.make:99: cmTC_fa5bc] Error 1
make[1]: Leaving directory '/home/m.gpuprog/cutlass_project/CUTLASS/build/CMakeFiles/CMakeTmp'
make: *** [Makefile:127: cmTC_fa5bc/fast] Error 2



